<?xml version="1.0" encoding="UTF-8"?>
<!-- Generated by org.testng.reporters.JUnitReportReporter -->
<testsuite hostname="SSRamakrishna" failures="0" tests="1" name="runner.CucumberRunner" time="16.268" errors="0" timestamp="2023-02-03T10:20:01 IST" skipped="0">
  <testcase classname="runner.CucumberRunner" name="runScenario" time="16.268"/>
  <system-out/>
</testsuite> <!-- runner.CucumberRunner -->
